<?xml version="1.0" encoding="UTF-8"?>
<!-- Generated by org.testng.reporters.JUnitXMLReporter -->
<testsuite ignored="0" hostname="LAPTOP-GTKH5I4T" failures="2" tests="5" name="Login" time="19.018" errors="0" timestamp="2022-10-01T16:00:57 IST">
  <testcase classname="testClasses.TestClass" name="AppLogin" time="1.42"/>
  <testcase classname="testClasses.TestClass" name="NavToInventory" time="0.002">
    <failure type="java.lang.NullPointerException">
      <![CDATA[java.lang.NullPointerException
at pageObjects.LandingPageObjects.NavToInventory(LandingPageObjects.java:57)
at testClasses.TestClass.NavToInventory(TestClass.java:23)
at java.base/java.util.ArrayList.forEach(ArrayList.java:1541)
... Removed 27 stack frames]]>
    </failure>
  </testcase> <!-- NavToInventory -->
  <testcase classname="testClasses.TestClass" name="CreateProduct" time="10.549"/>
  <testcase classname="testClasses.TestClass" name="NavToManufacturing" time="0.001">
    <failure type="java.lang.NullPointerException">
      <![CDATA[java.lang.NullPointerException
at pageObjects.LandingPageObjects.NavToManufacturing(LandingPageObjects.java:66)
at testClasses.TestClass.NavToManufacturing(TestClass.java:39)
at java.base/java.util.ArrayList.forEach(ArrayList.java:1541)
... Removed 27 stack frames]]>
    </failure>
  </testcase> <!-- NavToManufacturing -->
  <testcase classname="testClasses.TestClass" name="CreateManufacturingOrder" time="0.099"/>
</testsuite> <!-- Login -->
