<?xml version="1.0" encoding="UTF-8"?>
<!-- Generated by org.testng.reporters.JUnitXMLReporter -->
<testsuite ignored="0" hostname="LAPTOP-GTKH5I4T" failures="2" tests="5" name="Login" time="2.369" errors="0" timestamp="2022-10-01T16:44:06 IST">
  <testcase classname="testClasses.TestClass" name="AppLogin" time="1.951">
    <failure type="java.lang.NullPointerException">
      <![CDATA[java.lang.NullPointerException
at pageObjects.LandingPageObjects.NavToInventory(LandingPageObjects.java:57)
at testClasses.TestClass.AppLogin(TestClass.java:18)
at java.base/java.util.ArrayList.forEach(ArrayList.java:1541)
... Removed 27 stack frames]]>
    </failure>
  </testcase> <!-- AppLogin -->
  <testcase classname="testClasses.TestClass" name="NavToInventory" time="0.0">
    <skipped/>
  </testcase> <!-- NavToInventory -->
  <testcase classname="testClasses.TestClass" name="CreateProduct" time="0.001"/>
  <testcase classname="testClasses.TestClass" name="NavToManufacturing" time="0.001">
    <failure type="java.lang.NullPointerException">
      <![CDATA[java.lang.NullPointerException
at pageObjects.LandingPageObjects.NavToManufacturing(LandingPageObjects.java:66)
at testClasses.TestClass.NavToManufacturing(TestClass.java:42)
at java.base/java.util.ArrayList.forEach(ArrayList.java:1541)
... Removed 27 stack frames]]>
    </failure>
  </testcase> <!-- NavToManufacturing -->
  <testcase classname="testClasses.TestClass" name="CreateManufacturingOrder" time="0.201"/>
</testsuite> <!-- Login -->
