<?xml version="1.0" encoding="UTF-8"?>
<!-- Generated by org.testng.reporters.JUnitXMLReporter -->
<testsuite ignored="0" hostname="LAPTOP-GTKH5I4T" failures="2" tests="5" name="Login" time="6.284" errors="0" timestamp="2022-10-01T15:51:41 IST">
  <testcase classname="testClasses.TestClass" name="AppLogin" time="1.509"/>
  <testcase classname="testClasses.TestClass" name="NavToInventory" time="0.003">
    <failure type="java.lang.NullPointerException">
      <![CDATA[java.lang.NullPointerException
at pageObjects.LandingPageObjects.NavToInventory(LandingPageObjects.java:56)
at testClasses.TestClass.NavToInventory(TestClass.java:26)
at java.base/java.util.ArrayList.forEach(ArrayList.java:1541)
... Removed 31 stack frames]]>
    </failure>
  </testcase> <!-- NavToInventory -->
  <testcase classname="testClasses.TestClass" name="CreateProduct" time="0.005"/>
  <testcase classname="testClasses.TestClass" name="NavToManufacturing" time="0.0">
    <failure type="java.lang.NullPointerException">
      <![CDATA[java.lang.NullPointerException
at pageObjects.LandingPageObjects.NavToManufacturing(LandingPageObjects.java:60)
at testClasses.TestClass.NavToManufacturing(TestClass.java:42)
at java.base/java.util.ArrayList.forEach(ArrayList.java:1541)
... Removed 31 stack frames]]>
    </failure>
  </testcase> <!-- NavToManufacturing -->
  <testcase classname="testClasses.TestClass" name="CreateManufacturingOrder" time="0.136"/>
</testsuite> <!-- Login -->
