<?xml version="1.0" encoding="UTF-8"?>
<testng-results ignored="0" total="1" passed="1" failed="0" skipped="0">
  <reporter-output>
  </reporter-output>
  <suite started-at="2022-10-01T15:23:09 IST" name="Aspire Code Challenge" finished-at="2022-10-01T15:23:13 IST" duration-ms="4297">
    <groups>
    </groups>
    <test started-at="2022-10-01T15:23:09 IST" name="Login" finished-at="2022-10-01T15:23:13 IST" duration-ms="4297">
      <class name="testClasses.TestClass">
        <test-method is-config="true" signature="beforeSuite()[pri:0, instance:testClasses.TestClass@57db2b13]" started-at="2022-10-01T15:23:09 IST" name="beforeSuite" finished-at="2022-10-01T15:23:09 IST" duration-ms="13" status="PASS">
          <reporter-output>
          </reporter-output>
        </test-method> <!-- beforeSuite -->
        <test-method is-config="true" signature="beforeTest()[pri:0, instance:testClasses.TestClass@57db2b13]" started-at="2022-10-01T15:23:09 IST" name="beforeTest" finished-at="2022-10-01T15:23:13 IST" duration-ms="3969" status="PASS">
          <reporter-output>
          </reporter-output>
        </test-method> <!-- beforeTest -->
        <test-method is-config="true" signature="beforeMethod(java.lang.reflect.Method)[pri:0, instance:testClasses.TestClass@57db2b13]" started-at="2022-10-01T15:23:13 IST" name="beforeMethod" finished-at="2022-10-01T15:23:13 IST" duration-ms="5" status="PASS">
          <params>
            <param index="0">
              <value>
                <![CDATA[public void testClasses.TestClass.AppLogin() throws java.lang.InterruptedException]]>
              </value>
            </param>
          </params>
          <reporter-output>
          </reporter-output>
        </test-method> <!-- beforeMethod -->
        <test-method signature="AppLogin()[pri:0, instance:testClasses.TestClass@57db2b13]" started-at="2022-10-01T15:23:13 IST" name="AppLogin" finished-at="2022-10-01T15:23:13 IST" duration-ms="7" status="PASS">
          <reporter-output>
          </reporter-output>
        </test-method> <!-- AppLogin -->
        <test-method is-config="true" signature="afterMethod(org.testng.ITestResult)[pri:0, instance:testClasses.TestClass@57db2b13]" started-at="2022-10-01T15:23:13 IST" name="afterMethod" finished-at="2022-10-01T15:23:13 IST" duration-ms="3" status="PASS">
          <params>
            <param index="0">
              <value>
                <![CDATA[[TestResult name=AppLogin status=SUCCESS method=TestClass.AppLogin()[pri:0, instance:testClasses.TestClass@57db2b13] output={null}]]]>
              </value>
            </param>
          </params>
          <reporter-output>
          </reporter-output>
        </test-method> <!-- afterMethod -->
        <test-method is-config="true" signature="afterTest()[pri:0, instance:testClasses.TestClass@57db2b13]" started-at="2022-10-01T15:23:13 IST" name="afterTest" finished-at="2022-10-01T15:23:13 IST" duration-ms="287" status="PASS">
          <reporter-output>
          </reporter-output>
        </test-method> <!-- afterTest -->
        <test-method is-config="true" signature="afterSuite()[pri:0, instance:testClasses.TestClass@57db2b13]" started-at="2022-10-01T15:23:13 IST" name="afterSuite" finished-at="2022-10-01T15:23:14 IST" duration-ms="636" status="PASS">
          <reporter-output>
          </reporter-output>
        </test-method> <!-- afterSuite -->
      </class> <!-- testClasses.TestClass -->
    </test> <!-- Login -->
  </suite> <!-- Aspire Code Challenge -->
</testng-results>
